<?xml version="1.0" encoding="UTF-8"?>
<testng-results ignored="0" total="6" passed="6" failed="0" skipped="0">
  <reporter-output>
  </reporter-output>
  <suite started-at="2023-11-19T13:59:32 IST" name="Suite" finished-at="2023-11-19T13:59:37 IST" duration-ms="5010">
    <groups>
    </groups>
    <test started-at="2023-11-19T13:59:32 IST" name="Test" finished-at="2023-11-19T13:59:37 IST" duration-ms="5010">
      <class name="org.testing.testscript.TC2_GetAllMethod">
        <test-method signature="testCase2()[pri:0, instance:org.testing.testscript.TC2_GetAllMethod@201a4587]" started-at="2023-11-19T13:59:35 IST" name="testCase2" finished-at="2023-11-19T13:59:35 IST" duration-ms="120" status="PASS">
          <reporter-output>
          </reporter-output>
        </test-method> <!-- testCase2 -->
      </class> <!-- org.testing.testscript.TC2_GetAllMethod -->
      <class name="org.testing.testscript.TC6_GetAllMethod_Real">
        <test-method signature="testCase6()[pri:0, instance:org.testing.testscript.TC6_GetAllMethod_Real@26e356f0]" started-at="2023-11-19T13:59:36 IST" name="testCase6" finished-at="2023-11-19T13:59:37 IST" duration-ms="1118" status="PASS">
          <reporter-output>
          </reporter-output>
        </test-method> <!-- testCase6 -->
      </class> <!-- org.testing.testscript.TC6_GetAllMethod_Real -->
      <class name="org.testing.testscript.TC5_DeleteRequest">
        <test-method signature="testCase5()[pri:0, instance:org.testing.testscript.TC5_DeleteRequest@54a7079e]" started-at="2023-11-19T13:59:35 IST" name="testCase5" finished-at="2023-11-19T13:59:36 IST" duration-ms="84" status="PASS">
          <reporter-output>
          </reporter-output>
        </test-method> <!-- testCase5 -->
      </class> <!-- org.testing.testscript.TC5_DeleteRequest -->
      <class name="org.testing.testscript.TC4_UpdateRequest">
        <test-method signature="testCase4()[pri:0, instance:org.testing.testscript.TC4_UpdateRequest@4310d43]" started-at="2023-11-19T13:59:35 IST" name="testCase4" finished-at="2023-11-19T13:59:35 IST" duration-ms="91" status="PASS">
          <reporter-output>
          </reporter-output>
        </test-method> <!-- testCase4 -->
      </class> <!-- org.testing.testscript.TC4_UpdateRequest -->
      <class name="org.testing.testscript.TC3_GetParticular">
        <test-method signature="testCase3()[pri:0, instance:org.testing.testscript.TC3_GetParticular@61001b64]" started-at="2023-11-19T13:59:35 IST" name="testCase3" finished-at="2023-11-19T13:59:35 IST" duration-ms="110" status="PASS">
          <reporter-output>
          </reporter-output>
        </test-method> <!-- testCase3 -->
      </class> <!-- org.testing.testscript.TC3_GetParticular -->
      <class name="org.testing.testscript.TC1_PostRequest">
        <test-method signature="testCase1()[pri:0, instance:org.testing.testscript.TC1_PostRequest@957e06]" started-at="2023-11-19T13:59:32 IST" name="testCase1" finished-at="2023-11-19T13:59:35 IST" duration-ms="3322" status="PASS">
          <reporter-output>
          </reporter-output>
        </test-method> <!-- testCase1 -->
      </class> <!-- org.testing.testscript.TC1_PostRequest -->
    </test> <!-- Test -->
  </suite> <!-- Suite -->
</testng-results>
